[2025-10-15 21:32:08] local.INFO: Iniciando el proceso de creación de una nueva factura. {"factus_enabled":false,"factro_enabled":true} 
[2025-10-15 21:32:08] local.INFO: About to check electronic bill validation for bill:  {"bill_id":78} 
[2025-10-15 21:32:08] local.INFO: Factus API enabled:  {"enabled":false,"factro_enabled":true} 
[2025-10-15 21:32:08] local.INFO: Estado de las APIs de facturación electrónica: {"Factus API habilitada":false,"Factro API habilitada":true} 
[2025-10-15 21:32:08] local.INFO: Iniciando validación ARQFE para FACTRO {"bill_id":78} 
[2025-10-15 21:32:08] local.ERROR: Error validación ARQFE {"bill_id":78,"message":"syntax error, unexpected token \"if\", expecting \"function\" or \"const\"","trace":"#0 C:\\Users\\LENOVO\\OneDrive - Arquitecsoft S.A.S\\Arquitecsoft\\Unidad_E\\PROGRAMAS\\ServidoresWeb\\xampp8.2\\htdocs\\pos-laravel\\vendor\\composer\\ClassLoader.php(427): Composer\\Autoload\\{closure}('C:\\\\Users\\\\LENOVO...')
#1 C:\\Users\\LENOVO\\OneDrive - Arquitecsoft S.A.S\\Arquitecsoft\\Unidad_E\\PROGRAMAS\\ServidoresWeb\\xampp8.2\\htdocs\\pos-laravel\\app\\Services\\BillService.php(232): Composer\\Autoload\\ClassLoader->loadClass('App\\\\Services\\\\Fa...')
#2 C:\\Users\\LENOVO\\OneDrive - Arquitecsoft S.A.S\\Arquitecsoft\\Unidad_E\\PROGRAMAS\\ServidoresWeb\\xampp8.2\\htdocs\\pos-laravel\\app\\Services\\BillService.php(184): App\\Services\\BillService::validateElectronicBillFactro(Object(App\\Models\\Bill))
#3 C:\\Users\\LENOVO\\OneDrive - Arquitecsoft S.A.S\\Arquitecsoft\\Unidad_E\\PROGRAMAS\\ServidoresWeb\\xampp8.2\\htdocs\\pos-laravel\\app\\Http\\Livewire\\Admin\\Bills\\Create.php(206): App\\Services\\BillService::validateElectronicBill(Object(App\\Models\\Bill))
#4 C:\\Users\\LENOVO\\OneDrive - Arquitecsoft S.A.S\\Arquitecsoft\\Unidad_E\\PROGRAMAS\\ServidoresWeb\\xampp8.2\\htdocs\\pos-laravel\\app\\Http\\Livewire\\Admin\\Bills\\Create.php(190): App\\Http\\Livewire\\Admin\\Bills\\Create->validateElectronicBill(Object(App\\Models\\Bill))
#5 C:\\Users\\LENOVO\\OneDrive - Arquitecsoft S.A.S\\Arquitecsoft\\Unidad_E\\PROGRAMAS\\ServidoresWeb\\xampp8.2\\htdocs\\pos-laravel\\vendor\\laravel\\framework\\src\\Illuminate\\Container\\BoundMethod.php(36): App\\Http\\Livewire\\Admin\\Bills\\Create->store()
#6 C:\\Users\\LENOVO\\OneDrive - Arquitecsoft S.A.S\\Arquitecsoft\\Unidad_E\\PROGRAMAS\\ServidoresWeb\\xampp8.2\\htdocs\\pos-laravel\\vendor\\laravel\\framework\\src\\Illuminate\\Container\\Util.php(41): Illuminate\\Container\\BoundMethod::Illuminate\\Container\\{closure}()
#7 C:\\Users\\LENOVO\\OneDrive - Arquitecsoft S.A.S\\Arquitecsoft\\Unidad_E\\PROGRAMAS\\ServidoresWeb\\xampp8.2\\htdocs\\pos-laravel\\vendor\\laravel\\framework\\src\\Illuminate\\Container\\BoundMethod.php(93): Illuminate\\Container\\Util::unwrapIfClosure(Object(Closure))
#8 C:\\Users\\LENOVO\\OneDrive - Arquitecsoft S.A.S\\Arquitecsoft\\Unidad_E\\PROGRAMAS\\ServidoresWeb\\xampp8.2\\htdocs\\pos-laravel\\vendor\\laravel\\framework\\src\\Illuminate\\Container\\BoundMethod.php(35): Illuminate\\Container\\BoundMethod::callBoundMethod(Object(Illuminate\\Foundation\\Application), Array, Object(Closure))
#9 C:\\Users\\LENOVO\\OneDrive - Arquitecsoft S.A.S\\Arquitecsoft\\Unidad_E\\PROGRAMAS\\ServidoresWeb\\xampp8.2\\htdocs\\pos-laravel\\vendor\\livewire\\livewire\\src\\ComponentConcerns\\HandlesActions.php(149): Illuminate\\Container\\BoundMethod::call(Object(Illuminate\\Foundation\\Application), Array, Array)
#10 C:\\Users\\LENOVO\\OneDrive - Arquitecsoft S.A.S\\Arquitecsoft\\Unidad_E\\PROGRAMAS\\ServidoresWeb\\xampp8.2\\htdocs\\pos-laravel\\vendor\\livewire\\livewire\\src\\HydrationMiddleware\\PerformActionCalls.php(36): Livewire\\Component->callMethod('store', Array, Object(Closure))
#11 C:\\Users\\LENOVO\\OneDrive - Arquitecsoft S.A.S\\Arquitecsoft\\Unidad_E\\PROGRAMAS\\ServidoresWeb\\xampp8.2\\htdocs\\pos-laravel\\vendor\\livewire\\livewire\\src\\LifecycleManager.php(89): Livewire\\HydrationMiddleware\\PerformActionCalls::hydrate(Object(App\\Http\\Livewire\\Admin\\Bills\\Create), Object(Livewire\\Request))
#12 C:\\Users\\LENOVO\\OneDrive - Arquitecsoft S.A.S\\Arquitecsoft\\Unidad_E\\PROGRAMAS\\ServidoresWeb\\xampp8.2\\htdocs\\pos-laravel\\vendor\\livewire\\livewire\\src\\Connection\\ConnectionHandler.php(13): Livewire\\LifecycleManager->hydrate()
#13 C:\\Users\\LENOVO\\OneDrive - Arquitecsoft S.A.S\\Arquitecsoft\\Unidad_E\\PROGRAMAS\\ServidoresWeb\\xampp8.2\\htdocs\\pos-laravel\\vendor\\livewire\\livewire\\src\\Controllers\\HttpConnectionHandler.php(19): Livewire\\Connection\\ConnectionHandler->handle(Array)
#14 C:\\Users\\LENOVO\\OneDrive - Arquitecsoft S.A.S\\Arquitecsoft\\Unidad_E\\PROGRAMAS\\ServidoresWeb\\xampp8.2\\htdocs\\pos-laravel\\vendor\\laravel\\framework\\src\\Illuminate\\Routing\\ControllerDispatcher.php(46): Livewire\\Controllers\\HttpConnectionHandler->__invoke('admin.bills.cre...')
#15 C:\\Users\\LENOVO\\OneDrive - Arquitecsoft S.A.S\\Arquitecsoft\\Unidad_E\\PROGRAMAS\\ServidoresWeb\\xampp8.2\\htdocs\\pos-laravel\\vendor\\laravel\\framework\\src\\Illuminate\\Routing\\Route.php(259): Illuminate\\Routing\\ControllerDispatcher->dispatch(Object(Illuminate\\Routing\\Route), Object(Livewire\\Controllers\\HttpConnectionHandler), '__invoke')
#16 C:\\Users\\LENOVO\\OneDrive - Arquitecsoft S.A.S\\Arquitecsoft\\Unidad_E\\PROGRAMAS\\ServidoresWeb\\xampp8.2\\htdocs\\pos-laravel\\vendor\\laravel\\framework\\src\\Illuminate\\Routing\\Route.php(205): Illuminate\\Routing\\Route->runController()
#17 C:\\Users\\LENOVO\\OneDrive - Arquitecsoft S.A.S\\Arquitecsoft\\Unidad_E\\PROGRAMAS\\ServidoresWeb\\xampp8.2\\htdocs\\pos-laravel\\vendor\\laravel\\framework\\src\\Illuminate\\Routing\\Router.php(798): Illuminate\\Routing\\Route->run()
#18 C:\\Users\\LENOVO\\OneDrive - Arquitecsoft S.A.S\\Arquitecsoft\\Unidad_E\\PROGRAMAS\\ServidoresWeb\\xampp8.2\\htdocs\\pos-laravel\\vendor\\laravel\\framework\\src\\Illuminate\\Pipeline\\Pipeline.php(141): Illuminate\\Routing\\Router->Illuminate\\Routing\\{closure}(Object(Illuminate\\Http\\Request))
#19 C:\\Users\\LENOVO\\OneDrive - Arquitecsoft S.A.S\\Arquitecsoft\\Unidad_E\\PROGRAMAS\\ServidoresWeb\\xampp8.2\\htdocs\\pos-laravel\\vendor\\barryvdh\\laravel-debugbar\\src\\Middleware\\InjectDebugbar.php(66): Illuminate\\Pipeline\\Pipeline->Illuminate\\Pipeline\\{closure}(Object(Illuminate\\Http\\Request))
#20 C:\\Users\\LENOVO\\OneDrive - Arquitecsoft S.A.S\\Arquitecsoft\\Unidad_E\\PROGRAMAS\\ServidoresWeb\\xampp8.2\\htdocs\\pos-laravel\\vendor\\laravel\\framework\\src\\Illuminate\\Pipeline\\Pipeline.php(180): Barryvdh\\Debugbar\\Middleware\\InjectDebugbar->handle(Object(Illuminate\\Http\\Request), Object(Closure))
#21 C:\\Users\\LENOVO\\OneDrive - Arquitecsoft S.A.S\\Arquitecsoft\\Unidad_E\\PROGRAMAS\\ServidoresWeb\\xampp8.2\\htdocs\\pos-laravel\\vendor\\laravel\\framework\\src\\Illuminate\\Routing\\Middleware\\SubstituteBindings.php(50): Illuminate\\Pipeline\\Pipeline->Illuminate\\Pipeline\\{closure}(Object(Illuminate\\Http\\Request))
#22 C:\\Users\\LENOVO\\OneDrive - Arquitecsoft S.A.S\\Arquitecsoft\\Unidad_E\\PROGRAMAS\\ServidoresWeb\\xampp8.2\\htdocs\\pos-laravel\\vendor\\laravel\\framework\\src\\Illuminate\\Pipeline\\Pipeline.php(180): Illuminate\\Routing\\Middleware\\SubstituteBindings->handle(Object(Illuminate\\Http\\Request), Object(Closure))
#23 C:\\Users\\LENOVO\\OneDrive - Arquitecsoft S.A.S\\Arquitecsoft\\Unidad_E\\PROGRAMAS\\ServidoresWeb\\xampp8.2\\htdocs\\pos-laravel\\vendor\\laravel\\framework\\src\\Illuminate\\Foundation\\Http\\Middleware\\VerifyCsrfToken.php(78): Illuminate\\Pipeline\\Pipeline->Illuminate\\Pipeline\\{closure}(Object(Illuminate\\Http\\Request))
#24 C:\\Users\\LENOVO\\OneDrive - Arquitecsoft S.A.S\\Arquitecsoft\\Unidad_E\\PROGRAMAS\\ServidoresWeb\\xampp8.2\\htdocs\\pos-laravel\\vendor\\laravel\\framework\\src\\Illuminate\\Pipeline\\Pipeline.php(180): Illuminate\\Foundation\\Http\\Middleware\\VerifyCsrfToken->handle(Object(Illuminate\\Http\\Request), Object(Closure))
#25 C:\\Users\\LENOVO\\OneDrive - Arquitecsoft S.A.S\\Arquitecsoft\\Unidad_E\\PROGRAMAS\\ServidoresWeb\\xampp8.2\\htdocs\\pos-laravel\\vendor\\laravel\\framework\\src\\Illuminate\\View\\Middleware\\ShareErrorsFromSession.php(49): Illuminate\\Pipeline\\Pipeline->Illuminate\\Pipeline\\{closure}(Object(Illuminate\\Http\\Request))
#26 C:\\Users\\LENOVO\\OneDrive - Arquitecsoft S.A.S\\Arquitecsoft\\Unidad_E\\PROGRAMAS\\ServidoresWeb\\xampp8.2\\htdocs\\pos-laravel\\vendor\\laravel\\framework\\src\\Illuminate\\Pipeline\\Pipeline.php(180): Illuminate\\View\\Middleware\\ShareErrorsFromSession->handle(Object(Illuminate\\Http\\Request), Object(Closure))
#27 C:\\Users\\LENOVO\\OneDrive - Arquitecsoft S.A.S\\Arquitecsoft\\Unidad_E\\PROGRAMAS\\ServidoresWeb\\xampp8.2\\htdocs\\pos-laravel\\vendor\\laravel\\framework\\src\\Illuminate\\Session\\Middleware\\StartSession.php(121): Illuminate\\Pipeline\\Pipeline->Illuminate\\Pipeline\\{closure}(Object(Illuminate\\Http\\Request))
#28 C:\\Users\\LENOVO\\OneDrive - Arquitecsoft S.A.S\\Arquitecsoft\\Unidad_E\\PROGRAMAS\\ServidoresWeb\\xampp8.2\\htdocs\\pos-laravel\\vendor\\laravel\\framework\\src\\Illuminate\\Session\\Middleware\\StartSession.php(64): Illuminate\\Session\\Middleware\\StartSession->handleStatefulRequest(Object(Illuminate\\Http\\Request), Object(Illuminate\\Session\\Store), Object(Closure))
#29 C:\\Users\\LENOVO\\OneDrive - Arquitecsoft S.A.S\\Arquitecsoft\\Unidad_E\\PROGRAMAS\\ServidoresWeb\\xampp8.2\\htdocs\\pos-laravel\\vendor\\laravel\\framework\\src\\Illuminate\\Pipeline\\Pipeline.php(180): Illuminate\\Session\\Middleware\\StartSession->handle(Object(Illuminate\\Http\\Request), Object(Closure))
#30 C:\\Users\\LENOVO\\OneDrive - Arquitecsoft S.A.S\\Arquitecsoft\\Unidad_E\\PROGRAMAS\\ServidoresWeb\\xampp8.2\\htdocs\\pos-laravel\\vendor\\laravel\\framework\\src\\Illuminate\\Cookie\\Middleware\\AddQueuedCookiesToResponse.php(37): Illuminate\\Pipeline\\Pipeline->Illuminate\\Pipeline\\{closure}(Object(Illuminate\\Http\\Request))
#31 C:\\Users\\LENOVO\\OneDrive - Arquitecsoft S.A.S\\Arquitecsoft\\Unidad_E\\PROGRAMAS\\ServidoresWeb\\xampp8.2\\htdocs\\pos-laravel\\vendor\\laravel\\framework\\src\\Illuminate\\Pipeline\\Pipeline.php(180): Illuminate\\Cookie\\Middleware\\AddQueuedCookiesToResponse->handle(Object(Illuminate\\Http\\Request), Object(Closure))
#32 C:\\Users\\LENOVO\\OneDrive - Arquitecsoft S.A.S\\Arquitecsoft\\Unidad_E\\PROGRAMAS\\ServidoresWeb\\xampp8.2\\htdocs\\pos-laravel\\vendor\\laravel\\framework\\src\\Illuminate\\Cookie\\Middleware\\EncryptCookies.php(67): Illuminate\\Pipeline\\Pipeline->Illuminate\\Pipeline\\{closure}(Object(Illuminate\\Http\\Request))
#33 C:\\Users\\LENOVO\\OneDrive - Arquitecsoft S.A.S\\Arquitecsoft\\Unidad_E\\PROGRAMAS\\ServidoresWeb\\xampp8.2\\htdocs\\pos-laravel\\vendor\\laravel\\framework\\src\\Illuminate\\Pipeline\\Pipeline.php(180): Illuminate\\Cookie\\Middleware\\EncryptCookies->handle(Object(Illuminate\\Http\\Request), Object(Closure))
#34 C:\\Users\\LENOVO\\OneDrive - Arquitecsoft S.A.S\\Arquitecsoft\\Unidad_E\\PROGRAMAS\\ServidoresWeb\\xampp8.2\\htdocs\\pos-laravel\\vendor\\laravel\\framework\\src\\Illuminate\\Pipeline\\Pipeline.php(116): Illuminate\\Pipeline\\Pipeline->Illuminate\\Pipeline\\{closure}(Object(Illuminate\\Http\\Request))
#35 C:\\Users\\LENOVO\\OneDrive - Arquitecsoft S.A.S\\Arquitecsoft\\Unidad_E\\PROGRAMAS\\ServidoresWeb\\xampp8.2\\htdocs\\pos-laravel\\vendor\\laravel\\framework\\src\\Illuminate\\Routing\\Router.php(797): Illuminate\\Pipeline\\Pipeline->then(Object(Closure))
#36 C:\\Users\\LENOVO\\OneDrive - Arquitecsoft S.A.S\\Arquitecsoft\\Unidad_E\\PROGRAMAS\\ServidoresWeb\\xampp8.2\\htdocs\\pos-laravel\\vendor\\laravel\\framework\\src\\Illuminate\\Routing\\Router.php(776): Illuminate\\Routing\\Router->runRouteWithinStack(Object(Illuminate\\Routing\\Route), Object(Illuminate\\Http\\Request))
#37 C:\\Users\\LENOVO\\OneDrive - Arquitecsoft S.A.S\\Arquitecsoft\\Unidad_E\\PROGRAMAS\\ServidoresWeb\\xampp8.2\\htdocs\\pos-laravel\\vendor\\laravel\\framework\\src\\Illuminate\\Routing\\Router.php(740): Illuminate\\Routing\\Router->runRoute(Object(Illuminate\\Http\\Request), Object(Illuminate\\Routing\\Route))
#38 C:\\Users\\LENOVO\\OneDrive - Arquitecsoft S.A.S\\Arquitecsoft\\Unidad_E\\PROGRAMAS\\ServidoresWeb\\xampp8.2\\htdocs\\pos-laravel\\vendor\\laravel\\framework\\src\\Illuminate\\Routing\\Router.php(729): Illuminate\\Routing\\Router->dispatchToRoute(Object(Illuminate\\Http\\Request))
#39 C:\\Users\\LENOVO\\OneDrive - Arquitecsoft S.A.S\\Arquitecsoft\\Unidad_E\\PROGRAMAS\\ServidoresWeb\\xampp8.2\\htdocs\\pos-laravel\\vendor\\laravel\\framework\\src\\Illuminate\\Foundation\\Http\\Kernel.php(190): Illuminate\\Routing\\Router->dispatch(Object(Illuminate\\Http\\Request))
#40 C:\\Users\\LENOVO\\OneDrive - Arquitecsoft S.A.S\\Arquitecsoft\\Unidad_E\\PROGRAMAS\\ServidoresWeb\\xampp8.2\\htdocs\\pos-laravel\\vendor\\laravel\\framework\\src\\Illuminate\\Pipeline\\Pipeline.php(141): Illuminate\\Foundation\\Http\\Kernel->Illuminate\\Foundation\\Http\\{closure}(Object(Illuminate\\Http\\Request))
#41 C:\\Users\\LENOVO\\OneDrive - Arquitecsoft S.A.S\\Arquitecsoft\\Unidad_E\\PROGRAMAS\\ServidoresWeb\\xampp8.2\\htdocs\\pos-laravel\\vendor\\livewire\\livewire\\src\\DisableBrowserCache.php(19): Illuminate\\Pipeline\\Pipeline->Illuminate\\Pipeline\\{closure}(Object(Illuminate\\Http\\Request))
#42 C:\\Users\\LENOVO\\OneDrive - Arquitecsoft S.A.S\\Arquitecsoft\\Unidad_E\\PROGRAMAS\\ServidoresWeb\\xampp8.2\\htdocs\\pos-laravel\\vendor\\laravel\\framework\\src\\Illuminate\\Pipeline\\Pipeline.php(180): Livewire\\DisableBrowserCache->handle(Object(Illuminate\\Http\\Request), Object(Closure))
#43 C:\\Users\\LENOVO\\OneDrive - Arquitecsoft S.A.S\\Arquitecsoft\\Unidad_E\\PROGRAMAS\\ServidoresWeb\\xampp8.2\\htdocs\\pos-laravel\\vendor\\barryvdh\\laravel-debugbar\\src\\Middleware\\InjectDebugbar.php(66): Illuminate\\Pipeline\\Pipeline->Illuminate\\Pipeline\\{closure}(Object(Illuminate\\Http\\Request))
#44 C:\\Users\\LENOVO\\OneDrive - Arquitecsoft S.A.S\\Arquitecsoft\\Unidad_E\\PROGRAMAS\\ServidoresWeb\\xampp8.2\\htdocs\\pos-laravel\\vendor\\laravel\\framework\\src\\Illuminate\\Pipeline\\Pipeline.php(180): Barryvdh\\Debugbar\\Middleware\\InjectDebugbar->handle(Object(Illuminate\\Http\\Request), Object(Closure))
#45 C:\\Users\\LENOVO\\OneDrive - Arquitecsoft S.A.S\\Arquitecsoft\\Unidad_E\\PROGRAMAS\\ServidoresWeb\\xampp8.2\\htdocs\\pos-laravel\\vendor\\laravel\\framework\\src\\Illuminate\\Foundation\\Http\\Middleware\\ConvertEmptyStringsToNull.php(27): Illuminate\\Pipeline\\Pipeline->Illuminate\\Pipeline\\{closure}(Object(Illuminate\\Http\\Request))
#46 C:\\Users\\LENOVO\\OneDrive - Arquitecsoft S.A.S\\Arquitecsoft\\Unidad_E\\PROGRAMAS\\ServidoresWeb\\xampp8.2\\htdocs\\pos-laravel\\vendor\\laravel\\framework\\src\\Illuminate\\Pipeline\\Pipeline.php(180): Illuminate\\Foundation\\Http\\Middleware\\ConvertEmptyStringsToNull->handle(Object(Illuminate\\Http\\Request), Object(Closure))
#47 C:\\Users\\LENOVO\\OneDrive - Arquitecsoft S.A.S\\Arquitecsoft\\Unidad_E\\PROGRAMAS\\ServidoresWeb\\xampp8.2\\htdocs\\pos-laravel\\vendor\\laravel\\framework\\src\\Illuminate\\Foundation\\Http\\Middleware\\TrimStrings.php(36): Illuminate\\Pipeline\\Pipeline->Illuminate\\Pipeline\\{closure}(Object(Illuminate\\Http\\Request))
#48 C:\\Users\\LENOVO\\OneDrive - Arquitecsoft S.A.S\\Arquitecsoft\\Unidad_E\\PROGRAMAS\\ServidoresWeb\\xampp8.2\\htdocs\\pos-laravel\\vendor\\laravel\\framework\\src\\Illuminate\\Pipeline\\Pipeline.php(180): Illuminate\\Foundation\\Http\\Middleware\\TrimStrings->handle(Object(Illuminate\\Http\\Request), Object(Closure))
#49 C:\\Users\\LENOVO\\OneDrive - Arquitecsoft S.A.S\\Arquitecsoft\\Unidad_E\\PROGRAMAS\\ServidoresWeb\\xampp8.2\\htdocs\\pos-laravel\\vendor\\laravel\\framework\\src\\Illuminate\\Foundation\\Http\\Middleware\\ValidatePostSize.php(27): Illuminate\\Pipeline\\Pipeline->Illuminate\\Pipeline\\{closure}(Object(Illuminate\\Http\\Request))
#50 C:\\Users\\LENOVO\\OneDrive - Arquitecsoft S.A.S\\Arquitecsoft\\Unidad_E\\PROGRAMAS\\ServidoresWeb\\xampp8.2\\htdocs\\pos-laravel\\vendor\\laravel\\framework\\src\\Illuminate\\Pipeline\\Pipeline.php(180): Illuminate\\Foundation\\Http\\Middleware\\ValidatePostSize->handle(Object(Illuminate\\Http\\Request), Object(Closure))
#51 C:\\Users\\LENOVO\\OneDrive - Arquitecsoft S.A.S\\Arquitecsoft\\Unidad_E\\PROGRAMAS\\ServidoresWeb\\xampp8.2\\htdocs\\pos-laravel\\vendor\\laravel\\framework\\src\\Illuminate\\Foundation\\Http\\Middleware\\PreventRequestsDuringMaintenance.php(86): Illuminate\\Pipeline\\Pipeline->Illuminate\\Pipeline\\{closure}(Object(Illuminate\\Http\\Request))
#52 C:\\Users\\LENOVO\\OneDrive - Arquitecsoft S.A.S\\Arquitecsoft\\Unidad_E\\PROGRAMAS\\ServidoresWeb\\xampp8.2\\htdocs\\pos-laravel\\vendor\\laravel\\framework\\src\\Illuminate\\Pipeline\\Pipeline.php(180): Illuminate\\Foundation\\Http\\Middleware\\PreventRequestsDuringMaintenance->handle(Object(Illuminate\\Http\\Request), Object(Closure))
#53 C:\\Users\\LENOVO\\OneDrive - Arquitecsoft S.A.S\\Arquitecsoft\\Unidad_E\\PROGRAMAS\\ServidoresWeb\\xampp8.2\\htdocs\\pos-laravel\\vendor\\laravel\\framework\\src\\Illuminate\\Http\\Middleware\\HandleCors.php(49): Illuminate\\Pipeline\\Pipeline->Illuminate\\Pipeline\\{closure}(Object(Illuminate\\Http\\Request))
#54 C:\\Users\\LENOVO\\OneDrive - Arquitecsoft S.A.S\\Arquitecsoft\\Unidad_E\\PROGRAMAS\\ServidoresWeb\\xampp8.2\\htdocs\\pos-laravel\\vendor\\laravel\\framework\\src\\Illuminate\\Pipeline\\Pipeline.php(180): Illuminate\\Http\\Middleware\\HandleCors->handle(Object(Illuminate\\Http\\Request), Object(Closure))
#55 C:\\Users\\LENOVO\\OneDrive - Arquitecsoft S.A.S\\Arquitecsoft\\Unidad_E\\PROGRAMAS\\ServidoresWeb\\xampp8.2\\htdocs\\pos-laravel\\vendor\\laravel\\framework\\src\\Illuminate\\Http\\Middleware\\TrustProxies.php(39): Illuminate\\Pipeline\\Pipeline->Illuminate\\Pipeline\\{closure}(Object(Illuminate\\Http\\Request))
#56 C:\\Users\\LENOVO\\OneDrive - Arquitecsoft S.A.S\\Arquitecsoft\\Unidad_E\\PROGRAMAS\\ServidoresWeb\\xampp8.2\\htdocs\\pos-laravel\\vendor\\laravel\\framework\\src\\Illuminate\\Pipeline\\Pipeline.php(180): Illuminate\\Http\\Middleware\\TrustProxies->handle(Object(Illuminate\\Http\\Request), Object(Closure))
#57 C:\\Users\\LENOVO\\OneDrive - Arquitecsoft S.A.S\\Arquitecsoft\\Unidad_E\\PROGRAMAS\\ServidoresWeb\\xampp8.2\\htdocs\\pos-laravel\\vendor\\laravel\\framework\\src\\Illuminate\\Pipeline\\Pipeline.php(116): Illuminate\\Pipeline\\Pipeline->Illuminate\\Pipeline\\{closure}(Object(Illuminate\\Http\\Request))
#58 C:\\Users\\LENOVO\\OneDrive - Arquitecsoft S.A.S\\Arquitecsoft\\Unidad_E\\PROGRAMAS\\ServidoresWeb\\xampp8.2\\htdocs\\pos-laravel\\vendor\\laravel\\framework\\src\\Illuminate\\Foundation\\Http\\Kernel.php(165): Illuminate\\Pipeline\\Pipeline->then(Object(Closure))
#59 C:\\Users\\LENOVO\\OneDrive - Arquitecsoft S.A.S\\Arquitecsoft\\Unidad_E\\PROGRAMAS\\ServidoresWeb\\xampp8.2\\htdocs\\pos-laravel\\vendor\\laravel\\framework\\src\\Illuminate\\Foundation\\Http\\Kernel.php(134): Illuminate\\Foundation\\Http\\Kernel->sendRequestThroughRouter(Object(Illuminate\\Http\\Request))
#60 C:\\Users\\LENOVO\\OneDrive - Arquitecsoft S.A.S\\Arquitecsoft\\Unidad_E\\PROGRAMAS\\ServidoresWeb\\xampp8.2\\htdocs\\pos-laravel\\public\\index.php(51): Illuminate\\Foundation\\Http\\Kernel->handle(Object(Illuminate\\Http\\Request))
#61 C:\\Users\\LENOVO\\OneDrive - Arquitecsoft S.A.S\\Arquitecsoft\\Unidad_E\\PROGRAMAS\\ServidoresWeb\\xampp8.2\\htdocs\\pos-laravel\\server.php(21): require_once('C:\\\\Users\\\\LENOVO...')
#62 {main}"} 
[2025-10-15 21:32:08] local.INFO: Starting PDF upload to Cloudinary for bill: 78  
[2025-10-15 21:32:08] local.INFO: uploadPdfToCloudinary called for bill: 78  
[2025-10-15 21:33:08] local.ERROR: Maximum execution time of 60 seconds exceeded {"userId":3,"exception":"[object] (Symfony\\Component\\ErrorHandler\\Error\\FatalError(code: 0): Maximum execution time of 60 seconds exceeded at C:\\Users\\LENOVO\\OneDrive - Arquitecsoft S.A.S\\Arquitecsoft\\Unidad_E\\PROGRAMAS\\ServidoresWeb\\xampp8.2\\htdocs\\pos-laravel\\vendor\\laravel\\framework\\src\\Illuminate\\Foundation\\Bootstrap\\HandleExceptions.php:269)
[stacktrace]
#0 {main}
"} 
